<?xml version="1.0" encoding="UTF-8"?>
<!-- Generated by org.testng.reporters.JUnitXMLReporter -->
<testsuite hostname="PTP-LT-6K7QQ12" name="SampleTest" tests="1" failures="1" timestamp="13 Jan 2018 11:17:12 GMT" time="147.421" errors="0">
  <testcase name="TC005_EditContactInfo" time="120.307" classname="com.automation.test.TC005_EditContactInfo_Test">
    <failure type="org.openqa.selenium.NoSuchFrameException" message="No frame element found by name or id mainpanel
Build info: version: &amp;apos;3.8.1&amp;apos;, revision: &amp;apos;6e95a6684b&amp;apos;, time: &amp;apos;2017-12-01T18:33:54.468Z&amp;apos;
System info: host: &amp;apos;PTP-LT-6K7QQ12&amp;apos;, ip: &amp;apos;192.168.0.131&amp;apos;, os.name: &amp;apos;Windows 10&amp;apos;, os.arch: &amp;apos;amd64&amp;apos;, os.version: &amp;apos;10.0&amp;apos;, java.version: &amp;apos;1.8.0_151&amp;apos;
Driver info: driver.version: unknown">
      <![CDATA[org.openqa.selenium.NoSuchFrameException: No frame element found by name or id mainpanel
Build info: version: '3.8.1', revision: '6e95a6684b', time: '2017-12-01T18:33:54.468Z'
System info: host: 'PTP-LT-6K7QQ12', ip: '192.168.0.131', os.name: 'Windows 10', os.arch: 'amd64', os.version: '10.0', java.version: '1.8.0_151'
Driver info: driver.version: unknown
	at org.openqa.selenium.remote.RemoteWebDriver$RemoteTargetLocator.frame(RemoteWebDriver.java:940)
	at com.automation.base.BaseClass.switchtoframeByName(BaseClass.java:113)
	at com.automation.pages.HomePage.clickContactlink(HomePage.java:161)
	at com.automation.test.TC005_EditContactInfo_Test.TC005_EditContactInfo(TC005_EditContactInfo_Test.java:24)
... Removed 24 stack frames]]>
    </failure>
  </testcase> <!-- TC005_EditContactInfo -->
</testsuite> <!-- SampleTest -->
